09 Feb 13:20:45 tftpd Download file : \DOS\DHCPBOOT\RPLBOOTP.SYS
09 Feb 13:20:45 tftpd                 Error --> TFTP Aborted
09 Feb 13:20:45 tftpd Download file : \DOS\DHCPBOOT\RPLBOOTP.SYS
09 Feb 13:20:45 tftpd Download file : \MACHINES\MACADDR\0018\f3b4bb2b.INF
09 Feb 13:20:45 tftpd Download file : \bb20.us\rplbootp.msg
09 Feb 13:20:45 tftpd Download file : \bb20.us\bpcommon.isa
09 Feb 13:20:45 tftpd Download file : \fits\lenovo.fit
09 Feb 13:20:45 tftpd Download file : \machines\lenovo\config.sys
09 Feb 13:20:45 tftpd Download file : \machines\lenovo\OS2LDR.INI
09 Feb 13:20:45 tftpd 
cannot open C:\IBMLAN\RPL\machines\lenovo\OS2LDR.INI
09 Feb 13:20:45 tftpd Download file : \DOS\DHCPBOOT\BPUFSD.SYS
09 Feb 13:20:45 tftpd Download file : \DOS\DHCPBOOT\BPMFSD20.SYS
09 Feb 13:20:45 tftpd Download file : \FITS\LENOVO.FIT
09 Feb 13:20:45 tftpd Download file : \BB20.US\OS2KRNL
09 Feb 13:20:46 tftpd Download file : \BB20.US\OS2KRNL.SYM
09 Feb 13:20:46 tftpd Download file : \BB20.US\OS2LDR
09 Feb 13:20:46 tftpd Download file : \BB20.US\OS2LDR.INI
09 Feb 13:20:46 tftpd Download file : \BB20.US\OS2LDR.MSG
09 Feb 13:20:46 tftpd Download file : \BB20.US\AltF2On.$$$
09 Feb 13:20:46 tftpd Download file : \BB20.US\OS2\KEYBOARD.DCP
09 Feb 13:20:46 tftpd Download file : \BB20.US\OS2\SYSTEM\COUNTRY.SYS
09 Feb 13:20:47 tftpd Download file : \BB20.US\OS2\BOOT\RESOURCE.SYS
09 Feb 13:20:47 tftpd Download file : \BB20.US\OS2\BOOT\CLOCK01.SYS
09 Feb 13:20:47 tftpd Download file : \BB20.US\OS2\BOOT\KBDBASE.SYS
09 Feb 13:20:47 tftpd Download file : \BB20.US\OS2\BOOT\ISAPNP.SNP
09 Feb 13:20:47 tftpd Download file : \BB20.US\OS2\BOOT\PNP.SYS
09 Feb 13:20:47 tftpd Download file : \BB20.US\OS2\BOOT\IBMKBD.SYS
09 Feb 13:20:47 tftpd Download file : \BB20.US\OS2\BOOT\DANIS506.ADD
09 Feb 13:20:47 tftpd Download file : \BB20.US\OS2\BOOT\OS2DASD.DMD
09 Feb 13:20:47 tftpd Download file : \BB20.US\OS2\DLL\DOSCALL1.DLL
09 Feb 13:20:47 tftpd Download file : \BB20.US\OS2\DLL\BKSCALLS.DLL
09 Feb 13:20:47 tftpd Download file : \BB20.US\OS2\DLL\BMSCALLS.DLL
09 Feb 13:20:47 tftpd Download file : \BB20.US\OS2\DLL\MSG.DLL
09 Feb 13:20:47 tftpd Download file : \BB20.US\OS2\DLL\KBDCALLS.DLL
09 Feb 13:20:47 tftpd Download file : \BB20.US\OS2\DLL\NLS.DLL
09 Feb 13:20:47 tftpd Download file : \BB20.US\IBMCOM\LANMSGDD.OS2
09 Feb 13:20:47 tftpd Download file : \BB20.US\IBMCOM\LT0.MSG
09 Feb 13:20:47 tftpd Download file : \BB20.US\IBMCOM\LT2.MSG
09 Feb 13:20:47 tftpd Download file : \BB20.US\IBMCOM\PROTMAN.OS2
09 Feb 13:20:47 tftpd Download file : \BB20.US\IBMCOM\PRO.MSG
09 Feb 13:20:47 tftpd Download file : \BB20.US\IBMCOM\PROH.MSG
09 Feb 13:20:47 tftpd Download file : \BB20.US\IBMCOM\RFCADDR.EXE
09 Feb 13:20:47 tftpd Download file : \BB20.US\IBMCOM\PROTOCOL\LANPDD.OS2
09 Feb 13:20:47 tftpd Download file : \BB20.US\IBMCOM\PROTOCOL\LANVDD.OS2
09 Feb 13:20:47 tftpd Download file : \BB20.US\IBMCOM\PROTOCOL\LANDD.OS2
09 Feb 13:20:47 tftpd Download file : \BB20.US\IBMCOM\PROTOCOL\LANDLLDD.OS2
09 Feb 13:20:47 tftpd Download file : \BB20.US\IBMCOM\PROTOCOL\NBTCP.EXE
09 Feb 13:20:47 tftpd Download file : \BB20.US\IBMCOM\PROTOCOL\TCPBEUI.OS2
09 Feb 13:20:47 tftpd Download file : \BB20.US\IBMCOM\PROTOCOL\NETBEUI.OS2
09 Feb 13:20:47 tftpd Download file : \BB20.US\IBMLAN\NETPROG\RDRHELP.200
09 Feb 13:20:47 tftpd Download file : \BB20.US\IBMLAN\NETPROG\NETWKSTA.200
09 Feb 13:20:48 tftpd Download file : \BB20.US\IBMLAN\NETPROG\dhcpwait.exe
09 Feb 13:20:48 tftpd Download file : \BB20.US\MPTN\PROTOCOL\SOCKETSK.SYS
09 Feb 13:20:48 tftpd Download file : \BB20.US\MPTN\PROTOCOL\AFOS2.SYS
09 Feb 13:20:48 tftpd Download file : \BB20.US\MPTN\PROTOCOL\AFINETK.SYS
09 Feb 13:20:48 tftpd Download file : \BB20.US\MPTN\BIN\ROUTE.EXE
09 Feb 13:20:48 tftpd Download file : \BB20.US\MPTN\BIN\ARP.EXE
09 Feb 13:20:48 tftpd Download file : \BB20.US\MPTN\BIN\IFCONFIG.EXE
09 Feb 13:20:48 tftpd Download file : \BB20.US\MPTN\BIN\CNTRL.EXE
09 Feb 13:20:48 tftpd Download file : \BB20.US\MPTN\BIN\IPGATE.EXE
09 Feb 13:20:48 tftpd Download file : \BB20.US\MPTN\BIN\DHCPSTRT.EXE
09 Feb 13:20:48 tftpd Download file : \BB20.US\MPTN\BIN\DHCPCD.EXE
09 Feb 13:20:49 tftpd Download file : \BB20.US\MPTN\DLL\SO32DLL.DLL
09 Feb 13:20:49 tftpd Download file : \BB20.US\MPTN\DLL\TCP32DLL.DLL
09 Feb 13:20:49 tftpd Download file : \BB20.US\MPTN\DLL\TCPIPDLL.DLL
09 Feb 13:20:49 tftpd Download file : \BB20.US\MPTN\DLL\TCPMRI.DLL
09 Feb 13:20:49 tftpd Download file : \BB20.US\MPTN\DLL\TCPIP32.DLL
09 Feb 13:20:49 tftpd Download file : \BB20.US\MPTN\MSG\NLS\DHCPSTRT.CAT
09 Feb 13:20:49 tftpd Download file : \BB20.US\MPTN\MSG\NLS\DHCPMRES.DLL
09 Feb 13:20:49 tftpd Download file : \BB20.US\OS2\DLL\SESMGR.DLL
09 Feb 13:20:49 tftpd Download file : \BB20.US\IBMLAN\NETPROG\NET.MSG
09 Feb 13:20:49 tftpd Download file : \BB20.US\OS2\DLL\OS2CHAR.DLL
09 Feb 13:20:49 tftpd Download file : \BB20.US\IBMI18N\DLL\SETLOC1.DLL
09 Feb 13:20:49 tftpd Download file : \BB20.US\IBMI18N\LOCALE\ruru866.dll
09 Feb 13:20:49 tftpd Download file : \BB20.US\IBMI18N\LOCALE\ALIASES
09 Feb 13:20:49 tftpd Download file : \BB20.US\OS2\DLL\QUECALLS.DLL
09 Feb 13:20:53 tftpd TFTPD stopped succesfully
09 Feb 13:24:01 tftpd Download file : \DOS\DHCPBOOT\RPLBOOTP.SYS
09 Feb 13:24:01 tftpd 
cannot open C:\IBMLAN\RPL\DOS\DHCPBOOT\RPLBOOTP.SYS
09 Feb 13:24:01 tftpd                 Error --> TFTP Aborted
09 Feb 13:24:01 tftpd Download file : \DOS\DHCPBOOT\RPLBOOTP.SYS
09 Feb 13:24:01 tftpd 
cannot open C:\IBMLAN\RPL\DOS\DHCPBOOT\RPLBOOTP.SYS
09 Feb 13:24:14 tftpd TFTPD stopped succesfully
09 Feb 13:32:53 tftpd Download file : \DOS\DHCPBOOT\RPLBOOTP.SYS
09 Feb 13:32:53 tftpd 
cannot stat \DOS\DHCPBOOT\RPLBOOTP.SYS
09 Feb 13:32:53 tftpd Download file : \DOS\DHCPBOOT\RPLBOOTP.SYS
09 Feb 13:32:53 tftpd 
cannot open \DOS\DHCPBOOT\RPLBOOTP.SYS
09 Feb 13:33:10 tftpd TFTPD stopped succesfully
09 Feb 13:33:30 tftpd Download file : \DOS\DHCPBOOT\RPLBOOTP.SYS
09 Feb 13:33:30 tftpd                 Error --> TFTP Aborted
09 Feb 13:33:30 tftpd Download file : \DOS\DHCPBOOT\RPLBOOTP.SYS
09 Feb 13:33:30 tftpd Download file : \MACHINES\MACADDR\0018\f3b4bb2b.INF
09 Feb 13:33:30 tftpd Download file : \bb20.us\rplbootp.msg
09 Feb 13:33:30 tftpd Download file : \bb20.us\bpcommon.isa
09 Feb 13:33:30 tftpd Download file : \fits\lenovo.fit
09 Feb 13:33:30 tftpd Download file : \machines\lenovo\config.sys
09 Feb 13:33:30 tftpd Download file : \machines\lenovo\OS2LDR.INI
09 Feb 13:33:30 tftpd 
cannot open C:\IBMLAN\RPL\machines\lenovo\OS2LDR.INI
09 Feb 13:33:30 tftpd Download file : \DOS\DHCPBOOT\BPUFSD.SYS
09 Feb 13:33:30 tftpd Download file : \DOS\DHCPBOOT\BPMFSD20.SYS
09 Feb 13:33:30 tftpd Download file : \FITS\LENOVO.FIT
09 Feb 13:33:30 tftpd Download file : \BB20.US\OS2KRNL
09 Feb 13:33:31 tftpd Download file : \BB20.US\OS2KRNL.SYM
09 Feb 13:33:31 tftpd Download file : \BB20.US\OS2LDR
09 Feb 13:33:31 tftpd Download file : \BB20.US\OS2LDR.INI
09 Feb 13:33:31 tftpd Download file : \BB20.US\OS2LDR.MSG
09 Feb 13:33:31 tftpd Download file : \BB20.US\AltF2On.$$$
09 Feb 13:33:31 tftpd Download file : \BB20.US\OS2\KEYBOARD.DCP
09 Feb 13:33:31 tftpd Download file : \BB20.US\OS2\SYSTEM\COUNTRY.SYS
09 Feb 13:33:32 tftpd Download file : \BB20.US\OS2\BOOT\RESOURCE.SYS
09 Feb 13:33:32 tftpd Download file : \BB20.US\OS2\BOOT\CLOCK01.SYS
09 Feb 13:33:32 tftpd Download file : \BB20.US\OS2\BOOT\KBDBASE.SYS
09 Feb 13:33:32 tftpd Download file : \BB20.US\OS2\BOOT\ISAPNP.SNP
09 Feb 13:33:32 tftpd Download file : \BB20.US\OS2\BOOT\PNP.SYS
09 Feb 13:33:32 tftpd Download file : \BB20.US\OS2\BOOT\IBMKBD.SYS
09 Feb 13:33:32 tftpd Download file : \BB20.US\OS2\BOOT\DANIS506.ADD
09 Feb 13:33:32 tftpd Download file : \BB20.US\OS2\BOOT\OS2DASD.DMD
09 Feb 13:33:32 tftpd Download file : \BB20.US\OS2\DLL\DOSCALL1.DLL
09 Feb 13:33:32 tftpd Download file : \BB20.US\OS2\DLL\BKSCALLS.DLL
09 Feb 13:33:32 tftpd Download file : \BB20.US\OS2\DLL\BMSCALLS.DLL
09 Feb 13:33:32 tftpd Download file : \BB20.US\OS2\DLL\MSG.DLL
09 Feb 13:33:32 tftpd Download file : \BB20.US\OS2\DLL\KBDCALLS.DLL
09 Feb 13:33:32 tftpd Download file : \BB20.US\OS2\DLL\NLS.DLL
09 Feb 13:33:32 tftpd Download file : \BB20.US\IBMCOM\LANMSGDD.OS2
09 Feb 13:33:32 tftpd Download file : \BB20.US\IBMCOM\LT0.MSG
09 Feb 13:33:32 tftpd Download file : \BB20.US\IBMCOM\LT2.MSG
09 Feb 13:33:32 tftpd Download file : \BB20.US\IBMCOM\PROTMAN.OS2
09 Feb 13:33:32 tftpd Download file : \BB20.US\IBMCOM\PRO.MSG
09 Feb 13:33:32 tftpd Download file : \BB20.US\IBMCOM\PROH.MSG
09 Feb 13:33:32 tftpd Download file : \BB20.US\IBMCOM\RFCADDR.EXE
09 Feb 13:33:32 tftpd Download file : \BB20.US\IBMCOM\PROTOCOL\LANPDD.OS2
09 Feb 13:33:32 tftpd Download file : \BB20.US\IBMCOM\PROTOCOL\LANVDD.OS2
09 Feb 13:33:32 tftpd Download file : \BB20.US\IBMCOM\PROTOCOL\LANDD.OS2
09 Feb 13:33:32 tftpd Download file : \BB20.US\IBMCOM\PROTOCOL\LANDLLDD.OS2
09 Feb 13:33:32 tftpd Download file : \BB20.US\IBMCOM\PROTOCOL\NBTCP.EXE
09 Feb 13:33:32 tftpd Download file : \BB20.US\IBMCOM\PROTOCOL\TCPBEUI.OS2
09 Feb 13:33:32 tftpd Download file : \BB20.US\IBMCOM\PROTOCOL\NETBEUI.OS2
09 Feb 13:33:32 tftpd Download file : \BB20.US\IBMLAN\NETPROG\RDRHELP.200
09 Feb 13:33:32 tftpd Download file : \BB20.US\IBMLAN\NETPROG\NETWKSTA.200
09 Feb 13:33:33 tftpd Download file : \BB20.US\IBMLAN\NETPROG\dhcpwait.exe
09 Feb 13:33:33 tftpd Download file : \BB20.US\MPTN\PROTOCOL\SOCKETSK.SYS
09 Feb 13:33:33 tftpd Download file : \BB20.US\MPTN\PROTOCOL\AFOS2.SYS
09 Feb 13:33:33 tftpd Download file : \BB20.US\MPTN\PROTOCOL\AFINETK.SYS
09 Feb 13:33:33 tftpd Download file : \BB20.US\MPTN\BIN\ROUTE.EXE
09 Feb 13:33:33 tftpd Download file : \BB20.US\MPTN\BIN\ARP.EXE
09 Feb 13:33:33 tftpd Download file : \BB20.US\MPTN\BIN\IFCONFIG.EXE
09 Feb 13:33:33 tftpd Download file : \BB20.US\MPTN\BIN\CNTRL.EXE
09 Feb 13:33:33 tftpd Download file : \BB20.US\MPTN\BIN\IPGATE.EXE
09 Feb 13:33:33 tftpd Download file : \BB20.US\MPTN\BIN\DHCPSTRT.EXE
09 Feb 13:33:33 tftpd Download file : \BB20.US\MPTN\BIN\DHCPCD.EXE
09 Feb 13:33:33 tftpd Download file : \BB20.US\MPTN\DLL\SO32DLL.DLL
09 Feb 13:33:33 tftpd Download file : \BB20.US\MPTN\DLL\TCP32DLL.DLL
09 Feb 13:33:33 tftpd Download file : \BB20.US\MPTN\DLL\TCPIPDLL.DLL
09 Feb 13:33:33 tftpd Download file : \BB20.US\MPTN\DLL\TCPMRI.DLL
09 Feb 13:33:34 tftpd Download file : \BB20.US\MPTN\DLL\TCPIP32.DLL
09 Feb 13:33:34 tftpd Download file : \BB20.US\MPTN\MSG\NLS\DHCPSTRT.CAT
09 Feb 13:33:34 tftpd Download file : \BB20.US\MPTN\MSG\NLS\DHCPMRES.DLL
09 Feb 13:33:34 tftpd Download file : \BB20.US\OS2\DLL\SESMGR.DLL
09 Feb 13:33:34 tftpd Download file : \BB20.US\IBMLAN\NETPROG\NET.MSG
09 Feb 13:33:34 tftpd Download file : \BB20.US\OS2\DLL\OS2CHAR.DLL
09 Feb 13:33:34 tftpd Download file : \BB20.US\IBMI18N\DLL\SETLOC1.DLL
09 Feb 13:33:34 tftpd Download file : \BB20.US\IBMI18N\LOCALE\ruru866.dll
09 Feb 13:33:34 tftpd Download file : \BB20.US\IBMI18N\LOCALE\ALIASES
09 Feb 13:33:34 tftpd Download file : \BB20.US\OS2\DLL\QUECALLS.DLL
09 Feb 13:33:49 tftpd TFTPD stopped succesfully
09 Feb 13:39:36 tftpd Download file : \DOS\DHCPBOOT\RPLBOOTP.SYS
09 Feb 13:39:36 tftpd                 Error --> TFTP Aborted
09 Feb 13:39:36 tftpd Download file : \DOS\DHCPBOOT\RPLBOOTP.SYS
09 Feb 13:39:36 tftpd Download file : \MACHINES\MACADDR\0018\f3b4bb2b.INF
09 Feb 13:39:36 tftpd Download file : \bb20.us\rplbootp.msg
09 Feb 13:39:36 tftpd Download file : \bb20.us\bpcommon.isa
09 Feb 13:39:36 tftpd Download file : \fits\lenovo.fit
09 Feb 13:39:36 tftpd Download file : \machines\lenovo\config.sys
09 Feb 13:39:36 tftpd Download file : \DOS\DHCPBOOT\BPUFSD.SYS
09 Feb 13:39:36 tftpd Download file : \DOS\DHCPBOOT\BPMFSD20.SYS
09 Feb 13:39:36 tftpd Download file : \FITS\LENOVO.FIT
09 Feb 13:39:36 tftpd Download file : \BB20.US\OS2KRNL
09 Feb 13:39:37 tftpd Download file : \BB20.US\OS2KRNL.SYM
09 Feb 13:39:37 tftpd Download file : \BB20.US\OS2LDR
09 Feb 13:39:37 tftpd Download file : \BB20.US\OS2LDR.INI
09 Feb 13:39:37 tftpd Download file : \BB20.US\OS2LDR.MSG
09 Feb 13:39:37 tftpd Download file : \BB20.US\AltF2On.$$$
09 Feb 13:39:37 tftpd Download file : \BB20.US\OS2\KEYBOARD.DCP
09 Feb 13:39:37 tftpd Download file : \BB20.US\OS2\SYSTEM\COUNTRY.SYS
09 Feb 13:39:37 tftpd Download file : \BB20.US\OS2\BOOT\RESOURCE.SYS
09 Feb 13:39:37 tftpd Download file : \BB20.US\OS2\BOOT\CLOCK01.SYS
09 Feb 13:39:37 tftpd Download file : \BB20.US\OS2\BOOT\KBDBASE.SYS
09 Feb 13:39:37 tftpd Download file : \BB20.US\OS2\BOOT\ISAPNP.SNP
09 Feb 13:39:37 tftpd Download file : \BB20.US\OS2\BOOT\PNP.SYS
09 Feb 13:39:37 tftpd Download file : \BB20.US\OS2\BOOT\IBMKBD.SYS
09 Feb 13:39:37 tftpd Download file : \BB20.US\OS2\BOOT\DANIS506.ADD
09 Feb 13:39:38 tftpd Download file : \BB20.US\OS2\BOOT\OS2DASD.DMD
09 Feb 13:39:38 tftpd Download file : \BB20.US\OS2\DLL\DOSCALL1.DLL
09 Feb 13:39:38 tftpd Download file : \BB20.US\OS2\DLL\BKSCALLS.DLL
09 Feb 13:39:38 tftpd Download file : \BB20.US\OS2\DLL\BMSCALLS.DLL
09 Feb 13:39:38 tftpd Download file : \BB20.US\OS2\DLL\MSG.DLL
09 Feb 13:39:38 tftpd Download file : \BB20.US\OS2\DLL\KBDCALLS.DLL
09 Feb 13:39:38 tftpd Download file : \BB20.US\OS2\DLL\NLS.DLL
09 Feb 13:39:38 tftpd Download file : \BB20.US\IBMCOM\LANMSGDD.OS2
09 Feb 13:39:38 tftpd Download file : \BB20.US\IBMCOM\LT0.MSG
09 Feb 13:39:38 tftpd Download file : \BB20.US\IBMCOM\LT2.MSG
09 Feb 13:39:38 tftpd Download file : \BB20.US\IBMCOM\PROTMAN.OS2
09 Feb 13:39:38 tftpd Download file : \BB20.US\IBMCOM\PRO.MSG
09 Feb 13:39:38 tftpd Download file : \BB20.US\IBMCOM\PROH.MSG
09 Feb 13:39:38 tftpd Download file : \BB20.US\IBMCOM\RFCADDR.EXE
09 Feb 13:39:38 tftpd Download file : \BB20.US\IBMCOM\PROTOCOL\LANPDD.OS2
09 Feb 13:39:38 tftpd Download file : \BB20.US\IBMCOM\PROTOCOL\LANVDD.OS2
09 Feb 13:39:38 tftpd Download file : \BB20.US\IBMCOM\PROTOCOL\LANDD.OS2
09 Feb 13:39:38 tftpd Download file : \BB20.US\IBMCOM\PROTOCOL\LANDLLDD.OS2
09 Feb 13:39:38 tftpd Download file : \BB20.US\IBMCOM\PROTOCOL\NBTCP.EXE
09 Feb 13:39:38 tftpd Download file : \BB20.US\IBMCOM\PROTOCOL\TCPBEUI.OS2
09 Feb 13:39:38 tftpd Download file : \BB20.US\IBMCOM\PROTOCOL\NETBEUI.OS2
09 Feb 13:39:38 tftpd Download file : \BB20.US\IBMLAN\NETPROG\RDRHELP.200
09 Feb 13:39:38 tftpd Download file : \BB20.US\IBMLAN\NETPROG\NETWKSTA.200
09 Feb 13:39:38 tftpd Download file : \BB20.US\IBMLAN\NETPROG\dhcpwait.exe
09 Feb 13:39:38 tftpd Download file : \BB20.US\MPTN\PROTOCOL\SOCKETSK.SYS
09 Feb 13:39:38 tftpd Download file : \BB20.US\MPTN\PROTOCOL\AFOS2.SYS
09 Feb 13:39:38 tftpd Download file : \BB20.US\MPTN\PROTOCOL\AFINETK.SYS
09 Feb 13:39:39 tftpd Download file : \BB20.US\MPTN\BIN\ROUTE.EXE
09 Feb 13:39:39 tftpd Download file : \BB20.US\MPTN\BIN\ARP.EXE
09 Feb 13:39:39 tftpd Download file : \BB20.US\MPTN\BIN\IFCONFIG.EXE
09 Feb 13:39:39 tftpd Download file : \BB20.US\MPTN\BIN\CNTRL.EXE
09 Feb 13:39:39 tftpd Download file : \BB20.US\MPTN\BIN\IPGATE.EXE
09 Feb 13:39:39 tftpd Download file : \BB20.US\MPTN\BIN\DHCPSTRT.EXE
09 Feb 13:39:39 tftpd Download file : \BB20.US\MPTN\BIN\DHCPCD.EXE
09 Feb 13:39:39 tftpd Download file : \BB20.US\MPTN\DLL\SO32DLL.DLL
09 Feb 13:39:39 tftpd Download file : \BB20.US\MPTN\DLL\TCP32DLL.DLL
09 Feb 13:39:39 tftpd Download file : \BB20.US\MPTN\DLL\TCPIPDLL.DLL
09 Feb 13:39:39 tftpd Download file : \BB20.US\MPTN\DLL\TCPMRI.DLL
09 Feb 13:39:39 tftpd Download file : \BB20.US\MPTN\DLL\TCPIP32.DLL
09 Feb 13:39:39 tftpd Download file : \BB20.US\MPTN\MSG\NLS\DHCPSTRT.CAT
09 Feb 13:39:39 tftpd Download file : \BB20.US\MPTN\MSG\NLS\DHCPMRES.DLL
09 Feb 13:39:39 tftpd Download file : \BB20.US\OS2\DLL\SESMGR.DLL
09 Feb 13:39:39 tftpd Download file : \BB20.US\IBMLAN\NETPROG\NET.MSG
09 Feb 13:39:39 tftpd Download file : \BB20.US\OS2\DLL\OS2CHAR.DLL
09 Feb 13:39:40 tftpd Download file : \BB20.US\IBMI18N\DLL\SETLOC1.DLL
09 Feb 13:39:40 tftpd Download file : \BB20.US\IBMI18N\LOCALE\ruru866.dll
09 Feb 13:39:40 tftpd Download file : \BB20.US\IBMI18N\LOCALE\ALIASES
09 Feb 13:39:40 tftpd Download file : \BB20.US\OS2\DLL\QUECALLS.DLL
09 Feb 13:40:29 tftpd TFTPD stopped succesfully
