emitdef.c(1): Error! E1055: Unable to open 'scentry.h'
emitdef.c(2): Error! E1055: Unable to open 'emitlib.h'
def.h(5): Error! E1055: Unable to open 'som.h'
def.h(6): Error! E1055: Unable to open 'scemit.h'
def.h(7): Error! E1055: Unable to open 'somobj.h'
def.h(10): Error! E1022: Missing or misspelled data type near 'SOMObject'
def.h(14): Error! E1127: Type required in parameter list
def.h(24): Error! E1022: Missing or misspelled data type near 'SOMClass'
def.h(24): Error! E1022: Missing or misspelled data type near 'SOMSTAR'
def.h(28): Error! E1022: Missing or misspelled data type near 'somMethodTabs'
def.h(29): Error! E1022: Missing or misspelled data type near 'somDToken'
def.h(45): Warning! W132: No storage class or type specified
def.h(45): Error! E1009: Expecting ';' but found 'struct'
def.h(61): Warning! W132: No storage class or type specified
def.h(61): Error! E1009: Expecting ';' but found 'struct'
def.h(64): Error! E1022: Missing or misspelled data type near 'SOMClass'
def.h(64): Error! E1009: Expecting ';' but found '_Syscall'
def.h(65): Error! E1009: Expecting ',' but found 'somtmajorVersion'
def.h(65): Error! E1116: An id list not allowed except for function definition
emitdef.c(7): Error! E1022: Missing or misspelled data type near 'SOMEXTERN'
emitdef.c(7): Error! E1022: Missing or misspelled data type near 'FILE'
emitdef.c(7): Error! E1127: Type required in parameter list
emitdef.c(7): Error! E1147: Too many errors: compilation aborted
